Outliers found for 3 clusters and threshold 2.32
UF	Name
PE	INOCÊNCIO OLIVEIRA
GO	MARINA SANTANNA
MT	SÁGUAS MORAES
PE	PASTOR EURICO
RS	LUIZ CARLOS BUSATO
RN	ROGÉRIO MARINHO
RS	MARIA DO ROSÁRIO
RR	MARCIO JUNQUEIRA
PR	HERMES PARCIANELLO
MG	CARLOS MELLES
BA	ANTONIO CARLOS MAGALHÃES NETO
MS	AKIRA OTSUBO
RS	POMPEO DE MATTOS
RJ	CHICO D'ANGELO
MA	CLEBER VERDE
PB	WELLINGTON ROBERTO
PE	EDUARDO DA FONTE
PB	AGUINALDO RIBEIRO
GO	SANDES JÚNIOR
AM	SILAS CÂMARA
SP	ARNALDO FARIA DE SÁ
MA	PEDRO FERNANDES
AM	SABINO CASTELO BRANCO
SP	ARLINDO CHINAGLIA
SP	RICARDO TRIPOLI
AC	SÉRGIO PETECÃO
RO	LINDOMAR GARÇON
MG	BILAC PINTO
RO	NATAN DONADON
BA	FERNANDO TORRES
MT	ROBERTO DORNER
BA	LUCIO VIEIRA LIMA
RR	JHONATAN DE JESUS
PB	LEONARDO GADELHA
PB	LUIZ COUTO
PR	LUIZ CARLOS HAULY
MT	HOMERO PEREIRA
BA	MÁRIO NEGROMONTE
